2024/11/21 15:49:13 [notice] 1#1: using the "epoll" event method
2024/11/21 15:49:13 [notice] 1#1: nginx/1.26.2
2024/11/21 15:49:13 [notice] 1#1: built by gcc 13.2.1 20240309 (Alpine 13.2.1_git20240309) 
2024/11/21 15:49:13 [notice] 1#1: OS: Linux 6.8.0-49-generic
2024/11/21 15:49:13 [notice] 1#1: getrlimit(RLIMIT_NOFILE): 1048576:1048576
2024/11/21 15:49:13 [notice] 1#1: start worker processes
2024/11/21 15:49:13 [notice] 1#1: start worker process 29
2024/11/21 15:49:13 [notice] 1#1: start worker process 30
2024/11/21 15:49:13 [notice] 1#1: start worker process 31
2024/11/21 15:49:13 [notice] 1#1: start worker process 32
2024/11/21 15:49:13 [notice] 1#1: start worker process 33
2024/11/21 15:49:13 [notice] 1#1: start worker process 34
2024/11/21 15:49:13 [notice] 1#1: start worker process 35
2024/11/21 15:49:13 [notice] 1#1: start worker process 36
2024/11/21 15:49:13 [notice] 1#1: start worker process 37
2024/11/21 15:49:13 [notice] 1#1: start worker process 38
2024/11/21 15:49:13 [notice] 1#1: start worker process 39
2024/11/21 15:49:13 [notice] 1#1: start worker process 40
2024/11/21 15:58:44 [notice] 1#1: signal 3 (SIGQUIT) received, shutting down
2024/11/21 15:58:44 [notice] 29#29: gracefully shutting down
2024/11/21 15:58:44 [notice] 33#33: gracefully shutting down
2024/11/21 15:58:44 [notice] 34#34: gracefully shutting down
2024/11/21 15:58:44 [notice] 37#37: gracefully shutting down
2024/11/21 15:58:44 [notice] 29#29: exiting
2024/11/21 15:58:44 [notice] 31#31: gracefully shutting down
2024/11/21 15:58:44 [notice] 30#30: gracefully shutting down
2024/11/21 15:58:44 [notice] 32#32: gracefully shutting down
2024/11/21 15:58:44 [notice] 33#33: exiting
2024/11/21 15:58:44 [notice] 35#35: gracefully shutting down
2024/11/21 15:58:44 [notice] 34#34: exiting
2024/11/21 15:58:44 [notice] 37#37: exiting
2024/11/21 15:58:44 [notice] 31#31: exiting
2024/11/21 15:58:44 [notice] 30#30: exiting
2024/11/21 15:58:44 [notice] 32#32: exiting
2024/11/21 15:58:44 [notice] 35#35: exiting
2024/11/21 15:58:44 [notice] 29#29: exit
2024/11/21 15:58:44 [notice] 33#33: exit
2024/11/21 15:58:44 [notice] 32#32: exit
2024/11/21 15:58:44 [notice] 34#34: exit
2024/11/21 15:58:44 [notice] 37#37: exit
2024/11/21 15:58:44 [notice] 31#31: exit
2024/11/21 15:58:44 [notice] 30#30: exit
2024/11/21 15:58:44 [notice] 35#35: exit
2024/11/21 15:58:44 [notice] 36#36: gracefully shutting down
2024/11/21 15:58:44 [notice] 36#36: exiting
2024/11/21 15:58:44 [notice] 38#38: gracefully shutting down
2024/11/21 15:58:44 [notice] 38#38: exiting
2024/11/21 15:58:44 [notice] 36#36: exit
2024/11/21 15:58:44 [notice] 38#38: exit
2024/11/21 15:58:44 [notice] 39#39: gracefully shutting down
2024/11/21 15:58:44 [notice] 40#40: gracefully shutting down
2024/11/21 15:58:44 [notice] 39#39: exiting
2024/11/21 15:58:44 [notice] 40#40: exiting
2024/11/21 15:58:44 [notice] 39#39: exit
2024/11/21 15:58:44 [notice] 40#40: exit
2024/11/21 15:58:44 [notice] 1#1: signal 17 (SIGCHLD) received from 35
2024/11/21 15:58:44 [notice] 1#1: worker process 35 exited with code 0
2024/11/21 15:58:44 [notice] 1#1: signal 29 (SIGIO) received
2024/11/21 15:58:44 [notice] 1#1: signal 17 (SIGCHLD) received from 29
2024/11/21 15:58:44 [notice] 1#1: worker process 29 exited with code 0
2024/11/21 15:58:44 [notice] 1#1: signal 29 (SIGIO) received
2024/11/21 15:58:44 [notice] 1#1: signal 17 (SIGCHLD) received from 37
2024/11/21 15:58:44 [notice] 1#1: worker process 37 exited with code 0
2024/11/21 15:58:44 [notice] 1#1: worker process 38 exited with code 0
2024/11/21 15:58:44 [notice] 1#1: signal 29 (SIGIO) received
2024/11/21 15:58:44 [notice] 1#1: signal 17 (SIGCHLD) received from 33
2024/11/21 15:58:44 [notice] 1#1: worker process 33 exited with code 0
2024/11/21 15:58:44 [notice] 1#1: worker process 39 exited with code 0
2024/11/21 15:58:44 [notice] 1#1: signal 29 (SIGIO) received
2024/11/21 15:58:44 [notice] 1#1: signal 17 (SIGCHLD) received from 39
2024/11/21 15:58:44 [notice] 1#1: worker process 32 exited with code 0
2024/11/21 15:58:44 [notice] 1#1: worker process 36 exited with code 0
2024/11/21 15:58:44 [notice] 1#1: signal 29 (SIGIO) received
2024/11/21 15:58:44 [notice] 1#1: signal 17 (SIGCHLD) received from 36
2024/11/21 15:58:44 [notice] 1#1: signal 17 (SIGCHLD) received from 30
2024/11/21 15:58:44 [notice] 1#1: worker process 30 exited with code 0
2024/11/21 15:58:44 [notice] 1#1: worker process 34 exited with code 0
2024/11/21 15:58:44 [notice] 1#1: worker process 31 exited with code 0
2024/11/21 15:58:44 [notice] 1#1: signal 17 (SIGCHLD) received from 34
2024/11/21 15:58:44 [notice] 1#1: worker process 40 exited with code 0
2024/11/21 15:58:44 [notice] 1#1: exit
2024/11/21 15:58:56 [notice] 1#1: using the "epoll" event method
2024/11/21 15:58:56 [notice] 1#1: nginx/1.26.2
2024/11/21 15:58:56 [notice] 1#1: built by gcc 13.2.1 20240309 (Alpine 13.2.1_git20240309) 
2024/11/21 15:58:56 [notice] 1#1: OS: Linux 6.8.0-49-generic
2024/11/21 15:58:56 [notice] 1#1: getrlimit(RLIMIT_NOFILE): 1048576:1048576
2024/11/21 15:58:56 [notice] 1#1: start worker processes
2024/11/21 15:58:56 [notice] 1#1: start worker process 29
2024/11/21 15:58:56 [notice] 1#1: start worker process 30
2024/11/21 15:58:56 [notice] 1#1: start worker process 31
2024/11/21 15:58:56 [notice] 1#1: start worker process 32
2024/11/21 15:58:56 [notice] 1#1: start worker process 33
2024/11/21 15:58:56 [notice] 1#1: start worker process 34
2024/11/21 15:58:56 [notice] 1#1: start worker process 35
2024/11/21 15:58:56 [notice] 1#1: start worker process 36
2024/11/21 15:58:56 [notice] 1#1: start worker process 37
2024/11/21 15:58:56 [notice] 1#1: start worker process 38
2024/11/21 15:58:56 [notice] 1#1: start worker process 39
2024/11/21 15:58:56 [notice] 1#1: start worker process 40
2024/11/21 15:59:21 [notice] 1#1: using the "epoll" event method
2024/11/21 15:59:21 [notice] 1#1: nginx/1.26.2
2024/11/21 15:59:21 [notice] 1#1: built by gcc 13.2.1 20240309 (Alpine 13.2.1_git20240309) 
2024/11/21 15:59:21 [notice] 1#1: OS: Linux 6.8.0-49-generic
2024/11/21 15:59:21 [notice] 1#1: getrlimit(RLIMIT_NOFILE): 1048576:1048576
2024/11/21 15:59:21 [notice] 1#1: start worker processes
2024/11/21 15:59:21 [notice] 1#1: start worker process 29
2024/11/21 15:59:21 [notice] 1#1: start worker process 30
2024/11/21 15:59:21 [notice] 1#1: start worker process 31
2024/11/21 15:59:21 [notice] 1#1: start worker process 32
2024/11/21 15:59:21 [notice] 1#1: start worker process 33
2024/11/21 15:59:21 [notice] 1#1: start worker process 34
2024/11/21 15:59:21 [notice] 1#1: start worker process 35
2024/11/21 15:59:21 [notice] 1#1: start worker process 36
2024/11/21 15:59:21 [notice] 1#1: start worker process 37
2024/11/21 15:59:21 [notice] 1#1: start worker process 38
2024/11/21 15:59:21 [notice] 1#1: start worker process 39
2024/11/21 15:59:21 [notice] 1#1: start worker process 40
2024/11/21 16:12:53 [notice] 1#1: signal 3 (SIGQUIT) received, shutting down
2024/11/21 16:12:53 [notice] 31#31: gracefully shutting down
2024/11/21 16:12:53 [notice] 33#33: gracefully shutting down
2024/11/21 16:12:53 [notice] 34#34: gracefully shutting down
2024/11/21 16:12:53 [notice] 36#36: gracefully shutting down
2024/11/21 16:12:53 [notice] 31#31: exiting
2024/11/21 16:12:53 [notice] 30#30: gracefully shutting down
2024/11/21 16:12:53 [notice] 35#35: gracefully shutting down
2024/11/21 16:12:53 [notice] 37#37: gracefully shutting down
2024/11/21 16:12:53 [notice] 33#33: exiting
2024/11/21 16:12:53 [notice] 29#29: gracefully shutting down
2024/11/21 16:12:53 [notice] 32#32: gracefully shutting down
2024/11/21 16:12:53 [notice] 34#34: exiting
2024/11/21 16:12:53 [notice] 36#36: exiting
2024/11/21 16:12:53 [notice] 30#30: exiting
2024/11/21 16:12:53 [notice] 35#35: exiting
2024/11/21 16:12:53 [notice] 37#37: exiting
2024/11/21 16:12:53 [notice] 29#29: exiting
2024/11/21 16:12:53 [notice] 32#32: exiting
2024/11/21 16:12:53 [notice] 31#31: exit
2024/11/21 16:12:53 [notice] 33#33: exit
2024/11/21 16:12:53 [notice] 37#37: exit
2024/11/21 16:12:53 [notice] 36#36: exit
2024/11/21 16:12:53 [notice] 35#35: exit
2024/11/21 16:12:53 [notice] 30#30: exit
2024/11/21 16:12:53 [notice] 34#34: exit
2024/11/21 16:12:53 [notice] 29#29: exit
2024/11/21 16:12:53 [notice] 32#32: exit
2024/11/21 16:12:53 [notice] 38#38: gracefully shutting down
2024/11/21 16:12:53 [notice] 38#38: exiting
2024/11/21 16:12:53 [notice] 38#38: exit
2024/11/21 16:12:53 [notice] 39#39: gracefully shutting down
2024/11/21 16:12:53 [notice] 40#40: gracefully shutting down
2024/11/21 16:12:53 [notice] 39#39: exiting
2024/11/21 16:12:53 [notice] 40#40: exiting
2024/11/21 16:12:53 [notice] 39#39: exit
2024/11/21 16:12:53 [notice] 40#40: exit
2024/11/21 16:12:53 [notice] 1#1: signal 17 (SIGCHLD) received from 30
2024/11/21 16:12:53 [notice] 1#1: worker process 30 exited with code 0
2024/11/21 16:12:53 [notice] 1#1: signal 29 (SIGIO) received
2024/11/21 16:12:53 [notice] 1#1: signal 17 (SIGCHLD) received from 31
2024/11/21 16:12:53 [notice] 1#1: worker process 31 exited with code 0
2024/11/21 16:12:53 [notice] 1#1: signal 29 (SIGIO) received
2024/11/21 16:12:53 [notice] 1#1: signal 17 (SIGCHLD) received from 35
2024/11/21 16:12:53 [notice] 1#1: worker process 35 exited with code 0
2024/11/21 16:12:53 [notice] 1#1: signal 29 (SIGIO) received
2024/11/21 16:12:53 [notice] 1#1: signal 17 (SIGCHLD) received from 33
2024/11/21 16:12:53 [notice] 1#1: worker process 32 exited with code 0
2024/11/21 16:12:53 [notice] 1#1: worker process 33 exited with code 0
2024/11/21 16:12:53 [notice] 1#1: worker process 34 exited with code 0
2024/11/21 16:12:53 [notice] 1#1: worker process 38 exited with code 0
2024/11/21 16:12:53 [notice] 1#1: signal 29 (SIGIO) received
2024/11/21 16:12:53 [notice] 1#1: signal 17 (SIGCHLD) received from 32
2024/11/21 16:12:53 [notice] 1#1: signal 17 (SIGCHLD) received from 36
2024/11/21 16:12:53 [notice] 1#1: worker process 36 exited with code 0
2024/11/21 16:12:53 [notice] 1#1: signal 29 (SIGIO) received
2024/11/21 16:12:53 [notice] 1#1: signal 17 (SIGCHLD) received from 29
2024/11/21 16:12:53 [notice] 1#1: worker process 29 exited with code 0
2024/11/21 16:12:53 [notice] 1#1: worker process 37 exited with code 0
2024/11/21 16:12:53 [notice] 1#1: signal 29 (SIGIO) received
2024/11/21 16:12:53 [notice] 1#1: signal 17 (SIGCHLD) received from 37
2024/11/21 16:12:53 [notice] 1#1: worker process 39 exited with code 0
2024/11/21 16:12:53 [notice] 1#1: signal 29 (SIGIO) received
2024/11/21 16:12:53 [notice] 1#1: signal 17 (SIGCHLD) received from 40
2024/11/21 16:12:53 [notice] 1#1: worker process 40 exited with code 0
2024/11/21 16:12:53 [notice] 1#1: exit
2024/11/21 16:12:58 [notice] 1#1: using the "epoll" event method
2024/11/21 16:12:58 [notice] 1#1: nginx/1.26.2
2024/11/21 16:12:58 [notice] 1#1: built by gcc 13.2.1 20240309 (Alpine 13.2.1_git20240309) 
2024/11/21 16:12:58 [notice] 1#1: OS: Linux 6.8.0-49-generic
2024/11/21 16:12:58 [notice] 1#1: getrlimit(RLIMIT_NOFILE): 1048576:1048576
2024/11/21 16:12:58 [notice] 1#1: start worker processes
2024/11/21 16:12:58 [notice] 1#1: start worker process 29
2024/11/21 16:12:58 [notice] 1#1: start worker process 30
2024/11/21 16:12:58 [notice] 1#1: start worker process 31
2024/11/21 16:12:58 [notice] 1#1: start worker process 32
2024/11/21 16:12:58 [notice] 1#1: start worker process 33
2024/11/21 16:12:58 [notice] 1#1: start worker process 34
2024/11/21 16:12:58 [notice] 1#1: start worker process 35
2024/11/21 16:12:58 [notice] 1#1: start worker process 36
2024/11/21 16:12:58 [notice] 1#1: start worker process 37
2024/11/21 16:12:58 [notice] 1#1: start worker process 38
2024/11/21 16:12:58 [notice] 1#1: start worker process 39
2024/11/21 16:12:58 [notice] 1#1: start worker process 40
2024/11/22 08:51:29 [notice] 1#1: using the "epoll" event method
2024/11/22 08:51:29 [notice] 1#1: nginx/1.26.2
2024/11/22 08:51:29 [notice] 1#1: built by gcc 13.2.1 20240309 (Alpine 13.2.1_git20240309) 
2024/11/22 08:51:29 [notice] 1#1: OS: Linux 5.15.167.4-microsoft-standard-WSL2
2024/11/22 08:51:29 [notice] 1#1: getrlimit(RLIMIT_NOFILE): 1048576:1048576
2024/11/22 08:51:29 [notice] 1#1: start worker processes
2024/11/22 08:51:29 [notice] 1#1: start worker process 29
2024/11/22 08:51:29 [notice] 1#1: start worker process 30
2024/11/22 08:51:29 [notice] 1#1: start worker process 31
2024/11/22 08:51:29 [notice] 1#1: start worker process 32
2024/11/22 08:51:29 [notice] 1#1: start worker process 33
2024/11/22 08:51:29 [notice] 1#1: start worker process 34
2024/11/22 08:51:29 [notice] 1#1: start worker process 35
2024/11/22 08:51:29 [notice] 1#1: start worker process 36
2024/11/22 09:20:18 [notice] 1#1: signal 3 (SIGQUIT) received, shutting down
2024/11/22 09:20:18 [notice] 30#30: gracefully shutting down
2024/11/22 09:20:18 [notice] 34#34: gracefully shutting down
2024/11/22 09:20:18 [notice] 30#30: exiting
2024/11/22 09:20:18 [notice] 29#29: gracefully shutting down
2024/11/22 09:20:18 [notice] 32#32: gracefully shutting down
2024/11/22 09:20:18 [notice] 33#33: gracefully shutting down
2024/11/22 09:20:18 [notice] 31#31: gracefully shutting down
2024/11/22 09:20:18 [notice] 35#35: gracefully shutting down
2024/11/22 09:20:18 [notice] 36#36: gracefully shutting down
2024/11/22 09:20:18 [notice] 34#34: exiting
2024/11/22 09:20:18 [notice] 30#30: exit
2024/11/22 09:20:18 [notice] 32#32: exiting
2024/11/22 09:20:18 [notice] 31#31: exiting
2024/11/22 09:20:18 [notice] 29#29: exiting
2024/11/22 09:20:18 [notice] 35#35: exiting
2024/11/22 09:20:18 [notice] 33#33: exiting
2024/11/22 09:20:18 [notice] 35#35: exit
2024/11/22 09:20:18 [notice] 34#34: exit
2024/11/22 09:20:18 [notice] 36#36: exiting
2024/11/22 09:20:18 [notice] 32#32: exit
2024/11/22 09:20:18 [notice] 31#31: exit
2024/11/22 09:20:18 [notice] 36#36: exit
2024/11/22 09:20:18 [notice] 29#29: exit
2024/11/22 09:20:18 [notice] 33#33: exit
2024/11/22 09:20:18 [notice] 1#1: signal 17 (SIGCHLD) received from 34
2024/11/22 09:20:18 [notice] 1#1: worker process 29 exited with code 0
2024/11/22 09:20:18 [notice] 1#1: worker process 32 exited with code 0
2024/11/22 09:20:18 [notice] 1#1: worker process 34 exited with code 0
2024/11/22 09:20:18 [notice] 1#1: worker process 35 exited with code 0
2024/11/22 09:20:18 [notice] 1#1: worker process 36 exited with code 0
2024/11/22 09:20:18 [notice] 1#1: signal 29 (SIGIO) received
2024/11/22 09:20:18 [notice] 1#1: signal 17 (SIGCHLD) received from 33
2024/11/22 09:20:18 [notice] 1#1: worker process 33 exited with code 0
2024/11/22 09:20:18 [notice] 1#1: signal 29 (SIGIO) received
2024/11/22 09:20:18 [notice] 1#1: signal 17 (SIGCHLD) received from 30
2024/11/22 09:20:18 [notice] 1#1: worker process 30 exited with code 0
2024/11/22 09:20:18 [notice] 1#1: worker process 31 exited with code 0
2024/11/22 09:20:18 [notice] 1#1: exit
2024/11/22 09:20:35 [emerg] 1#1: host not found in upstream "php" in /etc/nginx/conf.d/default.conf:15
2024/11/22 09:20:42 [emerg] 1#1: host not found in upstream "php" in /etc/nginx/conf.d/default.conf:15
2024/11/22 09:20:49 [emerg] 1#1: host not found in upstream "php" in /etc/nginx/conf.d/default.conf:15
2024/11/22 09:20:56 [emerg] 1#1: host not found in upstream "php" in /etc/nginx/conf.d/default.conf:15
2024/11/22 09:21:03 [notice] 1#1: using the "epoll" event method
2024/11/22 09:21:03 [notice] 1#1: nginx/1.26.2
2024/11/22 09:21:03 [notice] 1#1: built by gcc 13.2.1 20240309 (Alpine 13.2.1_git20240309) 
2024/11/22 09:21:03 [notice] 1#1: OS: Linux 5.15.167.4-microsoft-standard-WSL2
2024/11/22 09:21:03 [notice] 1#1: getrlimit(RLIMIT_NOFILE): 1048576:1048576
2024/11/22 09:21:03 [notice] 1#1: start worker processes
2024/11/22 09:21:03 [notice] 1#1: start worker process 29
2024/11/22 09:21:03 [notice] 1#1: start worker process 30
2024/11/22 09:21:03 [notice] 1#1: start worker process 31
2024/11/22 09:21:03 [notice] 1#1: start worker process 32
2024/11/22 09:21:03 [notice] 1#1: start worker process 33
2024/11/22 09:21:03 [notice] 1#1: start worker process 34
2024/11/22 09:21:03 [notice] 1#1: start worker process 35
2024/11/22 09:21:03 [notice] 1#1: start worker process 36
2024/11/22 09:24:13 [notice] 1#1: signal 3 (SIGQUIT) received, shutting down
2024/11/22 09:24:13 [notice] 30#30: gracefully shutting down
2024/11/22 09:24:13 [notice] 36#36: gracefully shutting down
2024/11/22 09:24:13 [notice] 29#29: gracefully shutting down
2024/11/22 09:24:13 [notice] 35#35: gracefully shutting down
2024/11/22 09:24:13 [notice] 31#31: gracefully shutting down
2024/11/22 09:24:13 [notice] 32#32: gracefully shutting down
2024/11/22 09:24:13 [notice] 33#33: gracefully shutting down
2024/11/22 09:24:13 [notice] 34#34: gracefully shutting down
2024/11/22 09:24:13 [notice] 30#30: exiting
2024/11/22 09:24:13 [notice] 36#36: exiting
2024/11/22 09:24:13 [notice] 29#29: exiting
2024/11/22 09:24:13 [notice] 36#36: exit
2024/11/22 09:24:13 [notice] 35#35: exiting
2024/11/22 09:24:13 [notice] 35#35: exit
2024/11/22 09:24:13 [notice] 31#31: exiting
2024/11/22 09:24:13 [notice] 32#32: exiting
2024/11/22 09:24:13 [notice] 33#33: exiting
2024/11/22 09:24:13 [notice] 34#34: exiting
2024/11/22 09:24:13 [notice] 33#33: exit
2024/11/22 09:24:13 [notice] 30#30: exit
2024/11/22 09:24:13 [notice] 29#29: exit
2024/11/22 09:24:13 [notice] 32#32: exit
2024/11/22 09:24:13 [notice] 31#31: exit
2024/11/22 09:24:13 [notice] 34#34: exit
2024/11/22 09:24:13 [notice] 1#1: signal 17 (SIGCHLD) received from 32
2024/11/22 09:24:13 [notice] 1#1: worker process 32 exited with code 0
2024/11/22 09:24:13 [notice] 1#1: signal 29 (SIGIO) received
2024/11/22 09:24:13 [notice] 1#1: signal 17 (SIGCHLD) received from 36
2024/11/22 09:24:13 [notice] 1#1: worker process 29 exited with code 0
2024/11/22 09:24:13 [notice] 1#1: worker process 30 exited with code 0
2024/11/22 09:24:13 [notice] 1#1: worker process 31 exited with code 0
2024/11/22 09:24:13 [notice] 1#1: worker process 33 exited with code 0
2024/11/22 09:24:13 [notice] 1#1: worker process 34 exited with code 0
2024/11/22 09:24:13 [notice] 1#1: worker process 35 exited with code 0
2024/11/22 09:24:13 [notice] 1#1: worker process 36 exited with code 0
2024/11/22 09:24:13 [notice] 1#1: exit
2024/11/22 09:24:24 [notice] 1#1: using the "epoll" event method
2024/11/22 09:24:24 [notice] 1#1: nginx/1.26.2
2024/11/22 09:24:24 [notice] 1#1: built by gcc 13.2.1 20240309 (Alpine 13.2.1_git20240309) 
2024/11/22 09:24:24 [notice] 1#1: OS: Linux 5.15.167.4-microsoft-standard-WSL2
2024/11/22 09:24:24 [notice] 1#1: getrlimit(RLIMIT_NOFILE): 1048576:1048576
2024/11/22 09:24:24 [notice] 1#1: start worker processes
2024/11/22 09:24:24 [notice] 1#1: start worker process 29
2024/11/22 09:24:24 [notice] 1#1: start worker process 30
2024/11/22 09:24:24 [notice] 1#1: start worker process 31
2024/11/22 09:24:24 [notice] 1#1: start worker process 32
2024/11/22 09:24:24 [notice] 1#1: start worker process 33
2024/11/22 09:24:24 [notice] 1#1: start worker process 34
2024/11/22 09:24:24 [notice] 1#1: start worker process 35
2024/11/22 09:24:24 [notice] 1#1: start worker process 36
2024/11/22 09:44:38 [notice] 1#1: signal 3 (SIGQUIT) received, shutting down
2024/11/22 09:44:38 [notice] 29#29: gracefully shutting down
2024/11/22 09:44:38 [notice] 35#35: gracefully shutting down
2024/11/22 09:44:38 [notice] 32#32: gracefully shutting down
2024/11/22 09:44:38 [notice] 36#36: gracefully shutting down
2024/11/22 09:44:38 [notice] 36#36: exiting
2024/11/22 09:44:38 [notice] 34#34: gracefully shutting down
2024/11/22 09:44:38 [notice] 31#31: gracefully shutting down
2024/11/22 09:44:38 [notice] 33#33: gracefully shutting down
2024/11/22 09:44:38 [notice] 33#33: exiting
2024/11/22 09:44:38 [notice] 30#30: gracefully shutting down
2024/11/22 09:44:38 [notice] 29#29: exiting
2024/11/22 09:44:38 [notice] 35#35: exiting
2024/11/22 09:44:38 [notice] 32#32: exiting
2024/11/22 09:44:38 [notice] 36#36: exit
2024/11/22 09:44:38 [notice] 34#34: exiting
2024/11/22 09:44:38 [notice] 31#31: exiting
2024/11/22 09:44:38 [notice] 33#33: exit
2024/11/22 09:44:38 [notice] 30#30: exiting
2024/11/22 09:44:38 [notice] 29#29: exit
2024/11/22 09:44:38 [notice] 35#35: exit
2024/11/22 09:44:38 [notice] 32#32: exit
2024/11/22 09:44:38 [notice] 34#34: exit
2024/11/22 09:44:38 [notice] 31#31: exit
2024/11/22 09:44:38 [notice] 30#30: exit
2024/11/22 09:44:38 [notice] 1#1: signal 17 (SIGCHLD) received from 35
2024/11/22 09:44:38 [notice] 1#1: worker process 35 exited with code 0
2024/11/22 09:44:38 [notice] 1#1: signal 29 (SIGIO) received
2024/11/22 09:44:38 [notice] 1#1: signal 17 (SIGCHLD) received from 34
2024/11/22 09:44:38 [notice] 1#1: worker process 30 exited with code 0
2024/11/22 09:44:38 [notice] 1#1: worker process 32 exited with code 0
2024/11/22 09:44:38 [notice] 1#1: worker process 34 exited with code 0
2024/11/22 09:44:38 [notice] 1#1: signal 29 (SIGIO) received
2024/11/22 09:44:38 [notice] 1#1: signal 17 (SIGCHLD) received from 30
2024/11/22 09:44:38 [notice] 1#1: signal 17 (SIGCHLD) received from 36
2024/11/22 09:44:38 [notice] 1#1: worker process 36 exited with code 0
2024/11/22 09:44:38 [notice] 1#1: signal 29 (SIGIO) received
2024/11/22 09:44:38 [notice] 1#1: signal 17 (SIGCHLD) received from 33
2024/11/22 09:44:38 [notice] 1#1: worker process 33 exited with code 0
2024/11/22 09:44:38 [notice] 1#1: signal 29 (SIGIO) received
2024/11/22 09:44:38 [notice] 1#1: signal 17 (SIGCHLD) received from 31
2024/11/22 09:44:38 [notice] 1#1: worker process 29 exited with code 0
2024/11/22 09:44:38 [notice] 1#1: worker process 31 exited with code 0
2024/11/22 09:44:38 [notice] 1#1: exit
2024/11/22 09:45:17 [notice] 1#1: using the "epoll" event method
2024/11/22 09:45:17 [notice] 1#1: nginx/1.26.2
2024/11/22 09:45:17 [notice] 1#1: built by gcc 13.2.1 20240309 (Alpine 13.2.1_git20240309) 
2024/11/22 09:45:17 [notice] 1#1: OS: Linux 5.15.167.4-microsoft-standard-WSL2
2024/11/22 09:45:17 [notice] 1#1: getrlimit(RLIMIT_NOFILE): 1048576:1048576
2024/11/22 09:45:17 [notice] 1#1: start worker processes
2024/11/22 09:45:17 [notice] 1#1: start worker process 29
2024/11/22 09:45:17 [notice] 1#1: start worker process 30
2024/11/22 09:45:17 [notice] 1#1: start worker process 31
2024/11/22 09:45:17 [notice] 1#1: start worker process 32
2024/11/22 09:45:17 [notice] 1#1: start worker process 33
2024/11/22 09:45:17 [notice] 1#1: start worker process 34
2024/11/22 09:45:17 [notice] 1#1: start worker process 35
2024/11/22 09:45:17 [notice] 1#1: start worker process 36
2024/11/22 10:11:15 [emerg] 1#1: host not found in upstream "php" in /etc/nginx/conf.d/default.conf:15
2024/11/22 10:11:22 [emerg] 1#1: host not found in upstream "php" in /etc/nginx/conf.d/default.conf:15
2024/11/22 10:11:34 [notice] 1#1: using the "epoll" event method
2024/11/22 10:11:34 [notice] 1#1: nginx/1.26.2
2024/11/22 10:11:34 [notice] 1#1: built by gcc 13.2.1 20240309 (Alpine 13.2.1_git20240309) 
2024/11/22 10:11:34 [notice] 1#1: OS: Linux 5.15.167.4-microsoft-standard-WSL2
2024/11/22 10:11:34 [notice] 1#1: getrlimit(RLIMIT_NOFILE): 1048576:1048576
2024/11/22 10:11:34 [notice] 1#1: start worker processes
2024/11/22 10:11:34 [notice] 1#1: start worker process 29
2024/11/22 10:11:34 [notice] 1#1: start worker process 30
2024/11/22 10:11:34 [notice] 1#1: start worker process 31
2024/11/22 10:11:34 [notice] 1#1: start worker process 32
2024/11/22 10:11:34 [notice] 1#1: start worker process 33
2024/11/22 10:11:34 [notice] 1#1: start worker process 34
2024/11/22 10:11:34 [notice] 1#1: start worker process 35
2024/11/22 10:11:34 [notice] 1#1: start worker process 36
2024/11/22 10:30:46 [notice] 1#1: signal 3 (SIGQUIT) received, shutting down
2024/11/22 10:30:46 [notice] 29#29: gracefully shutting down
2024/11/22 10:30:46 [notice] 31#31: gracefully shutting down
2024/11/22 10:30:46 [notice] 30#30: gracefully shutting down
2024/11/22 10:30:46 [notice] 32#32: gracefully shutting down
2024/11/22 10:30:46 [notice] 34#34: gracefully shutting down
2024/11/22 10:30:46 [notice] 32#32: exiting
2024/11/22 10:30:46 [notice] 33#33: gracefully shutting down
2024/11/22 10:30:46 [notice] 36#36: gracefully shutting down
2024/11/22 10:30:46 [notice] 35#35: gracefully shutting down
2024/11/22 10:30:46 [notice] 29#29: exiting
2024/11/22 10:30:46 [notice] 31#31: exiting
2024/11/22 10:30:46 [notice] 30#30: exiting
2024/11/22 10:30:46 [notice] 34#34: exiting
2024/11/22 10:30:46 [notice] 32#32: exit
2024/11/22 10:30:46 [notice] 36#36: exiting
2024/11/22 10:30:46 [notice] 35#35: exiting
2024/11/22 10:30:46 [notice] 29#29: exit
2024/11/22 10:30:46 [notice] 35#35: exit
2024/11/22 10:30:46 [notice] 31#31: exit
2024/11/22 10:30:46 [notice] 30#30: exit
2024/11/22 10:30:46 [notice] 34#34: exit
2024/11/22 10:30:46 [notice] 33#33: exiting
2024/11/22 10:30:46 [notice] 36#36: exit
2024/11/22 10:30:46 [notice] 33#33: exit
2024/11/22 10:30:46 [notice] 1#1: signal 17 (SIGCHLD) received from 35
2024/11/22 10:30:46 [notice] 1#1: worker process 35 exited with code 0
2024/11/22 10:30:46 [notice] 1#1: signal 29 (SIGIO) received
2024/11/22 10:30:46 [notice] 1#1: signal 17 (SIGCHLD) received from 32
2024/11/22 10:30:46 [notice] 1#1: worker process 32 exited with code 0
2024/11/22 10:30:46 [notice] 1#1: worker process 34 exited with code 0
2024/11/22 10:30:46 [notice] 1#1: signal 29 (SIGIO) received
2024/11/22 10:30:46 [notice] 1#1: signal 17 (SIGCHLD) received from 30
2024/11/22 10:30:46 [notice] 1#1: worker process 30 exited with code 0
2024/11/22 10:30:46 [notice] 1#1: signal 29 (SIGIO) received
2024/11/22 10:30:46 [notice] 1#1: signal 17 (SIGCHLD) received from 36
2024/11/22 10:30:46 [notice] 1#1: worker process 36 exited with code 0
2024/11/22 10:30:46 [notice] 1#1: signal 29 (SIGIO) received
2024/11/22 10:30:46 [notice] 1#1: signal 17 (SIGCHLD) received from 29
2024/11/22 10:30:46 [notice] 1#1: worker process 29 exited with code 0
2024/11/22 10:30:46 [notice] 1#1: signal 29 (SIGIO) received
2024/11/22 10:30:46 [notice] 1#1: signal 17 (SIGCHLD) received from 33
2024/11/22 10:30:46 [notice] 1#1: worker process 31 exited with code 0
2024/11/22 10:30:46 [notice] 1#1: worker process 33 exited with code 0
2024/11/22 10:30:46 [notice] 1#1: exit
2024/11/22 10:39:32 [notice] 1#1: using the "epoll" event method
2024/11/22 10:39:32 [notice] 1#1: nginx/1.26.2
2024/11/22 10:39:32 [notice] 1#1: built by gcc 13.2.1 20240309 (Alpine 13.2.1_git20240309) 
2024/11/22 10:39:32 [notice] 1#1: OS: Linux 5.15.167.4-microsoft-standard-WSL2
2024/11/22 10:39:32 [notice] 1#1: getrlimit(RLIMIT_NOFILE): 1048576:1048576
2024/11/22 10:39:32 [notice] 1#1: start worker processes
2024/11/22 10:39:32 [notice] 1#1: start worker process 29
2024/11/22 10:39:32 [notice] 1#1: start worker process 30
2024/11/22 10:39:32 [notice] 1#1: start worker process 31
2024/11/22 10:39:32 [notice] 1#1: start worker process 32
2024/11/22 10:39:32 [notice] 1#1: start worker process 33
2024/11/22 10:39:32 [notice] 1#1: start worker process 34
2024/11/22 10:39:32 [notice] 1#1: start worker process 35
2024/11/22 10:39:32 [notice] 1#1: start worker process 36
2024/11/22 10:40:02 [notice] 1#1: signal 3 (SIGQUIT) received, shutting down
2024/11/22 10:40:02 [notice] 29#29: gracefully shutting down
2024/11/22 10:40:02 [notice] 29#29: exiting
2024/11/22 10:40:02 [notice] 30#30: gracefully shutting down
2024/11/22 10:40:02 [notice] 29#29: exit
2024/11/22 10:40:02 [notice] 31#31: gracefully shutting down
2024/11/22 10:40:02 [notice] 32#32: gracefully shutting down
2024/11/22 10:40:02 [notice] 33#33: gracefully shutting down
2024/11/22 10:40:02 [notice] 33#33: exiting
2024/11/22 10:40:02 [notice] 34#34: gracefully shutting down
2024/11/22 10:40:02 [notice] 35#35: gracefully shutting down
2024/11/22 10:40:02 [notice] 36#36: gracefully shutting down
2024/11/22 10:40:02 [notice] 30#30: exiting
2024/11/22 10:40:02 [notice] 31#31: exiting
2024/11/22 10:40:02 [notice] 30#30: exit
2024/11/22 10:40:02 [notice] 32#32: exiting
2024/11/22 10:40:02 [notice] 33#33: exit
2024/11/22 10:40:02 [notice] 34#34: exiting
2024/11/22 10:40:02 [notice] 35#35: exiting
2024/11/22 10:40:02 [notice] 36#36: exiting
2024/11/22 10:40:02 [notice] 31#31: exit
2024/11/22 10:40:02 [notice] 36#36: exit
2024/11/22 10:40:02 [notice] 32#32: exit
2024/11/22 10:40:02 [notice] 34#34: exit
2024/11/22 10:40:02 [notice] 35#35: exit
2024/11/22 10:40:02 [notice] 1#1: signal 17 (SIGCHLD) received from 35
2024/11/22 10:40:02 [notice] 1#1: worker process 29 exited with code 0
2024/11/22 10:40:02 [notice] 1#1: worker process 30 exited with code 0
2024/11/22 10:40:02 [notice] 1#1: worker process 35 exited with code 0
2024/11/22 10:40:02 [notice] 1#1: signal 29 (SIGIO) received
2024/11/22 10:40:02 [notice] 1#1: signal 17 (SIGCHLD) received from 36
2024/11/22 10:40:02 [notice] 1#1: worker process 36 exited with code 0
2024/11/22 10:40:02 [notice] 1#1: worker process 31 exited with code 0
2024/11/22 10:40:02 [notice] 1#1: worker process 33 exited with code 0
2024/11/22 10:40:02 [notice] 1#1: signal 29 (SIGIO) received
2024/11/22 10:40:02 [notice] 1#1: signal 17 (SIGCHLD) received from 33
2024/11/22 10:40:02 [notice] 1#1: signal 17 (SIGCHLD) received from 34
2024/11/22 10:40:02 [notice] 1#1: worker process 32 exited with code 0
2024/11/22 10:40:02 [notice] 1#1: worker process 34 exited with code 0
2024/11/22 10:40:02 [notice] 1#1: exit
2024/11/22 10:40:19 [notice] 1#1: using the "epoll" event method
2024/11/22 10:40:19 [notice] 1#1: nginx/1.26.2
2024/11/22 10:40:19 [notice] 1#1: built by gcc 13.2.1 20240309 (Alpine 13.2.1_git20240309) 
2024/11/22 10:40:19 [notice] 1#1: OS: Linux 5.15.167.4-microsoft-standard-WSL2
2024/11/22 10:40:19 [notice] 1#1: getrlimit(RLIMIT_NOFILE): 1048576:1048576
2024/11/22 10:40:19 [notice] 1#1: start worker processes
2024/11/22 10:40:19 [notice] 1#1: start worker process 29
2024/11/22 10:40:19 [notice] 1#1: start worker process 30
2024/11/22 10:40:19 [notice] 1#1: start worker process 31
2024/11/22 10:40:19 [notice] 1#1: start worker process 32
2024/11/22 10:40:19 [notice] 1#1: start worker process 33
2024/11/22 10:40:19 [notice] 1#1: start worker process 34
2024/11/22 10:40:19 [notice] 1#1: start worker process 35
2024/11/22 10:40:19 [notice] 1#1: start worker process 36
2024/11/22 11:42:06 [notice] 1#1: signal 3 (SIGQUIT) received, shutting down
2024/11/22 11:42:06 [notice] 31#31: gracefully shutting down
2024/11/22 11:42:06 [notice] 34#34: gracefully shutting down
2024/11/22 11:42:06 [notice] 33#33: gracefully shutting down
2024/11/22 11:42:06 [notice] 32#32: gracefully shutting down
2024/11/22 11:42:06 [notice] 30#30: gracefully shutting down
2024/11/22 11:42:06 [notice] 29#29: gracefully shutting down
2024/11/22 11:42:06 [notice] 33#33: exiting
2024/11/22 11:42:06 [notice] 30#30: exiting
2024/11/22 11:42:06 [notice] 35#35: gracefully shutting down
2024/11/22 11:42:06 [notice] 33#33: exit
2024/11/22 11:42:06 [notice] 36#36: gracefully shutting down
2024/11/22 11:42:06 [notice] 31#31: exiting
2024/11/22 11:42:06 [notice] 32#32: exiting
2024/11/22 11:42:06 [notice] 31#31: exit
2024/11/22 11:42:06 [notice] 30#30: exit
2024/11/22 11:42:06 [notice] 29#29: exiting
2024/11/22 11:42:06 [notice] 29#29: exit
2024/11/22 11:42:06 [notice] 32#32: exit
2024/11/22 11:42:06 [notice] 35#35: exiting
2024/11/22 11:42:06 [notice] 34#34: exiting
2024/11/22 11:42:06 [notice] 36#36: exiting
2024/11/22 11:42:06 [notice] 35#35: exit
2024/11/22 11:42:06 [notice] 34#34: exit
2024/11/22 11:42:06 [notice] 36#36: exit
2024/11/22 11:42:06 [notice] 1#1: signal 17 (SIGCHLD) received from 35
2024/11/22 11:42:06 [notice] 1#1: worker process 31 exited with code 0
2024/11/22 11:42:06 [notice] 1#1: worker process 32 exited with code 0
2024/11/22 11:42:06 [notice] 1#1: worker process 33 exited with code 0
2024/11/22 11:42:06 [notice] 1#1: worker process 35 exited with code 0
2024/11/22 11:42:06 [notice] 1#1: signal 29 (SIGIO) received
2024/11/22 11:42:06 [notice] 1#1: signal 17 (SIGCHLD) received from 31
2024/11/22 11:42:06 [notice] 1#1: signal 17 (SIGCHLD) received from 36
2024/11/22 11:42:06 [notice] 1#1: worker process 30 exited with code 0
2024/11/22 11:42:06 [notice] 1#1: worker process 36 exited with code 0
2024/11/22 11:42:06 [notice] 1#1: signal 29 (SIGIO) received
2024/11/22 11:42:06 [notice] 1#1: signal 17 (SIGCHLD) received from 34
2024/11/22 11:42:06 [notice] 1#1: worker process 34 exited with code 0
2024/11/22 11:42:06 [notice] 1#1: signal 29 (SIGIO) received
2024/11/22 11:42:06 [notice] 1#1: signal 17 (SIGCHLD) received from 29
2024/11/22 11:42:06 [notice] 1#1: worker process 29 exited with code 0
2024/11/22 11:42:06 [notice] 1#1: exit
2024/11/22 11:44:48 [notice] 1#1: using the "epoll" event method
2024/11/22 11:44:48 [notice] 1#1: nginx/1.26.2
2024/11/22 11:44:48 [notice] 1#1: built by gcc 13.2.1 20240309 (Alpine 13.2.1_git20240309) 
2024/11/22 11:44:48 [notice] 1#1: OS: Linux 5.15.167.4-microsoft-standard-WSL2
2024/11/22 11:44:48 [notice] 1#1: getrlimit(RLIMIT_NOFILE): 1048576:1048576
2024/11/22 11:44:48 [notice] 1#1: start worker processes
2024/11/22 11:44:48 [notice] 1#1: start worker process 29
2024/11/22 11:44:48 [notice] 1#1: start worker process 30
2024/11/22 11:44:48 [notice] 1#1: start worker process 31
2024/11/22 11:44:48 [notice] 1#1: start worker process 32
2024/11/22 11:44:48 [notice] 1#1: start worker process 33
2024/11/22 11:44:48 [notice] 1#1: start worker process 34
2024/11/22 11:44:48 [notice] 1#1: start worker process 35
2024/11/22 11:44:48 [notice] 1#1: start worker process 36
2024/11/22 14:50:54 [notice] 1#1: signal 3 (SIGQUIT) received, shutting down
2024/11/22 14:50:54 [notice] 29#29: gracefully shutting down
2024/11/22 14:50:54 [notice] 30#30: gracefully shutting down
2024/11/22 14:50:54 [notice] 35#35: gracefully shutting down
2024/11/22 14:50:54 [notice] 31#31: gracefully shutting down
2024/11/22 14:50:54 [notice] 36#36: gracefully shutting down
2024/11/22 14:50:54 [notice] 32#32: gracefully shutting down
2024/11/22 14:50:54 [notice] 34#34: gracefully shutting down
2024/11/22 14:50:54 [notice] 33#33: gracefully shutting down
2024/11/22 14:50:54 [notice] 36#36: exiting
2024/11/22 14:50:54 [notice] 29#29: exiting
2024/11/22 14:50:54 [notice] 34#34: exiting
2024/11/22 14:50:54 [notice] 35#35: exiting
2024/11/22 14:50:54 [notice] 30#30: exiting
2024/11/22 14:50:54 [notice] 32#32: exiting
2024/11/22 14:50:54 [notice] 31#31: exiting
2024/11/22 14:50:54 [notice] 30#30: exit
2024/11/22 14:50:54 [notice] 33#33: exiting
2024/11/22 14:50:54 [notice] 32#32: exit
2024/11/22 14:50:54 [notice] 34#34: exit
2024/11/22 14:50:54 [notice] 31#31: exit
2024/11/22 14:50:54 [notice] 36#36: exit
2024/11/22 14:50:54 [notice] 29#29: exit
2024/11/22 14:50:54 [notice] 35#35: exit
2024/11/22 14:50:54 [notice] 33#33: exit
2024/11/22 14:50:54 [notice] 1#1: signal 17 (SIGCHLD) received from 29
2024/11/22 14:50:54 [notice] 1#1: worker process 29 exited with code 0
2024/11/22 14:50:54 [notice] 1#1: worker process 34 exited with code 0
2024/11/22 14:50:54 [notice] 1#1: worker process 35 exited with code 0
2024/11/22 14:50:54 [notice] 1#1: signal 29 (SIGIO) received
2024/11/22 14:50:54 [notice] 1#1: signal 17 (SIGCHLD) received from 34
2024/11/22 14:50:54 [notice] 1#1: signal 17 (SIGCHLD) received from 32
2024/11/22 14:50:54 [notice] 1#1: worker process 32 exited with code 0
2024/11/22 14:50:54 [notice] 1#1: signal 29 (SIGIO) received
2024/11/22 14:50:54 [notice] 1#1: signal 17 (SIGCHLD) received from 30
2024/11/22 14:50:54 [notice] 1#1: worker process 30 exited with code 0
2024/11/22 14:50:54 [notice] 1#1: signal 29 (SIGIO) received
2024/11/22 14:50:54 [notice] 1#1: signal 17 (SIGCHLD) received from 31
2024/11/22 14:50:54 [notice] 1#1: worker process 31 exited with code 0
2024/11/22 14:50:54 [notice] 1#1: signal 29 (SIGIO) received
2024/11/22 14:50:54 [notice] 1#1: signal 17 (SIGCHLD) received from 36
2024/11/22 14:50:54 [notice] 1#1: worker process 33 exited with code 0
2024/11/22 14:50:54 [notice] 1#1: worker process 36 exited with code 0
2024/11/22 14:50:54 [notice] 1#1: exit
2024/11/22 14:51:33 [notice] 1#1: using the "epoll" event method
2024/11/22 14:51:33 [notice] 1#1: nginx/1.26.2
2024/11/22 14:51:33 [notice] 1#1: built by gcc 13.2.1 20240309 (Alpine 13.2.1_git20240309) 
2024/11/22 14:51:33 [notice] 1#1: OS: Linux 5.15.167.4-microsoft-standard-WSL2
2024/11/22 14:51:33 [notice] 1#1: getrlimit(RLIMIT_NOFILE): 1048576:1048576
2024/11/22 14:51:33 [notice] 1#1: start worker processes
2024/11/22 14:51:33 [notice] 1#1: start worker process 29
2024/11/22 14:51:33 [notice] 1#1: start worker process 30
2024/11/22 14:51:33 [notice] 1#1: start worker process 31
2024/11/22 14:51:33 [notice] 1#1: start worker process 32
2024/11/22 14:51:33 [notice] 1#1: start worker process 33
2024/11/22 14:51:33 [notice] 1#1: start worker process 34
2024/11/22 14:51:33 [notice] 1#1: start worker process 35
2024/11/22 14:51:33 [notice] 1#1: start worker process 36
2024/11/22 16:10:26 [notice] 1#1: signal 3 (SIGQUIT) received, shutting down
2024/11/22 16:10:26 [notice] 29#29: gracefully shutting down
2024/11/22 16:10:26 [notice] 31#31: gracefully shutting down
2024/11/22 16:10:26 [notice] 30#30: gracefully shutting down
2024/11/22 16:10:26 [notice] 32#32: gracefully shutting down
2024/11/22 16:10:26 [notice] 33#33: gracefully shutting down
2024/11/22 16:10:26 [notice] 35#35: gracefully shutting down
2024/11/22 16:10:26 [notice] 34#34: gracefully shutting down
2024/11/22 16:10:26 [notice] 36#36: gracefully shutting down
2024/11/22 16:10:26 [notice] 29#29: exiting
2024/11/22 16:10:26 [notice] 31#31: exiting
2024/11/22 16:10:26 [notice] 30#30: exiting
2024/11/22 16:10:26 [notice] 32#32: exiting
2024/11/22 16:10:26 [notice] 34#34: exiting
2024/11/22 16:10:26 [notice] 36#36: exiting
2024/11/22 16:10:26 [notice] 31#31: exit
2024/11/22 16:10:26 [notice] 33#33: exiting
2024/11/22 16:10:26 [notice] 35#35: exiting
2024/11/22 16:10:26 [notice] 34#34: exit
2024/11/22 16:10:26 [notice] 29#29: exit
2024/11/22 16:10:26 [notice] 32#32: exit
2024/11/22 16:10:26 [notice] 30#30: exit
2024/11/22 16:10:26 [notice] 36#36: exit
2024/11/22 16:10:26 [notice] 33#33: exit
2024/11/22 16:10:26 [notice] 35#35: exit
2024/11/22 16:10:26 [notice] 1#1: signal 17 (SIGCHLD) received from 29
2024/11/22 16:10:26 [notice] 1#1: worker process 29 exited with code 0
2024/11/22 16:10:26 [notice] 1#1: worker process 31 exited with code 0
2024/11/22 16:10:26 [notice] 1#1: worker process 32 exited with code 0
2024/11/22 16:10:26 [notice] 1#1: worker process 34 exited with code 0
2024/11/22 16:10:26 [notice] 1#1: worker process 35 exited with code 0
2024/11/22 16:10:26 [notice] 1#1: worker process 36 exited with code 0
2024/11/22 16:10:26 [notice] 1#1: signal 29 (SIGIO) received
2024/11/22 16:10:26 [notice] 1#1: signal 17 (SIGCHLD) received from 31
2024/11/22 16:10:26 [notice] 1#1: signal 17 (SIGCHLD) received from 33
2024/11/22 16:10:26 [notice] 1#1: worker process 33 exited with code 0
2024/11/22 16:10:26 [notice] 1#1: signal 29 (SIGIO) received
2024/11/22 16:10:26 [notice] 1#1: signal 17 (SIGCHLD) received from 30
2024/11/22 16:10:26 [notice] 1#1: worker process 30 exited with code 0
2024/11/22 16:10:26 [notice] 1#1: exit
2024/11/22 16:25:07 [notice] 1#1: using the "epoll" event method
2024/11/22 16:25:07 [notice] 1#1: nginx/1.26.2
2024/11/22 16:25:07 [notice] 1#1: built by gcc 13.2.1 20240309 (Alpine 13.2.1_git20240309) 
2024/11/22 16:25:07 [notice] 1#1: OS: Linux 5.15.167.4-microsoft-standard-WSL2
2024/11/22 16:25:07 [notice] 1#1: getrlimit(RLIMIT_NOFILE): 1048576:1048576
2024/11/22 16:25:07 [notice] 1#1: start worker processes
2024/11/22 16:25:07 [notice] 1#1: start worker process 29
2024/11/22 16:25:07 [notice] 1#1: start worker process 30
2024/11/22 16:25:07 [notice] 1#1: start worker process 31
2024/11/22 16:25:07 [notice] 1#1: start worker process 32
2024/11/22 16:25:07 [notice] 1#1: start worker process 33
2024/11/22 16:25:07 [notice] 1#1: start worker process 34
2024/11/22 16:25:07 [notice] 1#1: start worker process 35
2024/11/22 16:25:07 [notice] 1#1: start worker process 36
2024/11/22 16:28:42 [notice] 1#1: signal 3 (SIGQUIT) received, shutting down
2024/11/22 16:28:42 [notice] 29#29: gracefully shutting down
2024/11/22 16:28:42 [notice] 30#30: gracefully shutting down
2024/11/22 16:28:42 [notice] 31#31: gracefully shutting down
2024/11/22 16:28:42 [notice] 32#32: gracefully shutting down
2024/11/22 16:28:42 [notice] 32#32: exiting
2024/11/22 16:28:42 [notice] 33#33: gracefully shutting down
2024/11/22 16:28:42 [notice] 32#32: exit
2024/11/22 16:28:42 [notice] 34#34: gracefully shutting down
2024/11/22 16:28:42 [notice] 35#35: gracefully shutting down
2024/11/22 16:28:42 [notice] 36#36: gracefully shutting down
2024/11/22 16:28:42 [notice] 29#29: exiting
2024/11/22 16:28:42 [notice] 30#30: exiting
2024/11/22 16:28:42 [notice] 31#31: exiting
2024/11/22 16:28:42 [notice] 33#33: exiting
2024/11/22 16:28:42 [notice] 34#34: exiting
2024/11/22 16:28:42 [notice] 35#35: exiting
2024/11/22 16:28:42 [notice] 36#36: exiting
2024/11/22 16:28:42 [notice] 29#29: exit
2024/11/22 16:28:42 [notice] 36#36: exit
2024/11/22 16:28:42 [notice] 30#30: exit
2024/11/22 16:28:42 [notice] 31#31: exit
2024/11/22 16:28:42 [notice] 33#33: exit
2024/11/22 16:28:42 [notice] 34#34: exit
2024/11/22 16:28:42 [notice] 35#35: exit
2024/11/22 16:28:42 [notice] 1#1: signal 17 (SIGCHLD) received from 29
2024/11/22 16:28:42 [notice] 1#1: worker process 29 exited with code 0
2024/11/22 16:28:42 [notice] 1#1: worker process 31 exited with code 0
2024/11/22 16:28:42 [notice] 1#1: worker process 34 exited with code 0
2024/11/22 16:28:42 [notice] 1#1: worker process 35 exited with code 0
2024/11/22 16:28:42 [notice] 1#1: signal 29 (SIGIO) received
2024/11/22 16:28:42 [notice] 1#1: signal 17 (SIGCHLD) received from 32
2024/11/22 16:28:42 [notice] 1#1: worker process 32 exited with code 0
2024/11/22 16:28:42 [notice] 1#1: worker process 33 exited with code 0
2024/11/22 16:28:42 [notice] 1#1: signal 29 (SIGIO) received
2024/11/22 16:28:42 [notice] 1#1: signal 17 (SIGCHLD) received from 36
2024/11/22 16:28:42 [notice] 1#1: worker process 36 exited with code 0
2024/11/22 16:28:42 [notice] 1#1: signal 29 (SIGIO) received
2024/11/22 16:28:42 [notice] 1#1: signal 17 (SIGCHLD) received from 30
2024/11/22 16:28:42 [notice] 1#1: worker process 30 exited with code 0
2024/11/22 16:28:42 [notice] 1#1: exit
2024/11/22 16:28:48 [notice] 1#1: using the "epoll" event method
2024/11/22 16:28:48 [notice] 1#1: nginx/1.26.2
2024/11/22 16:28:48 [notice] 1#1: built by gcc 13.2.1 20240309 (Alpine 13.2.1_git20240309) 
2024/11/22 16:28:48 [notice] 1#1: OS: Linux 5.15.167.4-microsoft-standard-WSL2
2024/11/22 16:28:48 [notice] 1#1: getrlimit(RLIMIT_NOFILE): 1048576:1048576
2024/11/22 16:28:48 [notice] 1#1: start worker processes
2024/11/22 16:28:48 [notice] 1#1: start worker process 29
2024/11/22 16:28:48 [notice] 1#1: start worker process 30
2024/11/22 16:28:48 [notice] 1#1: start worker process 31
2024/11/22 16:28:48 [notice] 1#1: start worker process 32
2024/11/22 16:28:48 [notice] 1#1: start worker process 33
2024/11/22 16:28:48 [notice] 1#1: start worker process 34
2024/11/22 16:28:48 [notice] 1#1: start worker process 35
2024/11/22 16:28:48 [notice] 1#1: start worker process 36
2024/11/22 16:29:24 [notice] 1#1: signal 3 (SIGQUIT) received, shutting down
2024/11/22 16:29:24 [notice] 32#32: gracefully shutting down
2024/11/22 16:29:24 [notice] 32#32: exiting
2024/11/22 16:29:24 [notice] 31#31: gracefully shutting down
2024/11/22 16:29:24 [notice] 34#34: gracefully shutting down
2024/11/22 16:29:24 [notice] 29#29: gracefully shutting down
2024/11/22 16:29:24 [notice] 33#33: gracefully shutting down
2024/11/22 16:29:24 [notice] 30#30: gracefully shutting down
2024/11/22 16:29:24 [notice] 35#35: gracefully shutting down
2024/11/22 16:29:24 [notice] 36#36: gracefully shutting down
2024/11/22 16:29:24 [notice] 32#32: exit
2024/11/22 16:29:24 [notice] 31#31: exiting
2024/11/22 16:29:24 [notice] 34#34: exiting
2024/11/22 16:29:24 [notice] 29#29: exiting
2024/11/22 16:29:24 [notice] 33#33: exiting
2024/11/22 16:29:24 [notice] 35#35: exiting
2024/11/22 16:29:24 [notice] 36#36: exiting
2024/11/22 16:29:24 [notice] 31#31: exit
2024/11/22 16:29:24 [notice] 34#34: exit
2024/11/22 16:29:24 [notice] 29#29: exit
2024/11/22 16:29:24 [notice] 33#33: exit
2024/11/22 16:29:24 [notice] 35#35: exit
2024/11/22 16:29:24 [notice] 36#36: exit
2024/11/22 16:29:24 [notice] 1#1: signal 17 (SIGCHLD) received from 34
2024/11/22 16:29:24 [notice] 1#1: worker process 31 exited with code 0
2024/11/22 16:29:24 [notice] 1#1: worker process 34 exited with code 0
2024/11/22 16:29:24 [notice] 1#1: worker process 35 exited with code 0
2024/11/22 16:29:24 [notice] 1#1: signal 29 (SIGIO) received
2024/11/22 16:29:24 [notice] 1#1: signal 17 (SIGCHLD) received from 33
2024/11/22 16:29:24 [notice] 1#1: worker process 29 exited with code 0
2024/11/22 16:29:24 [notice] 1#1: worker process 32 exited with code 0
2024/11/22 16:29:24 [notice] 1#1: worker process 33 exited with code 0
2024/11/22 16:29:24 [notice] 1#1: worker process 36 exited with code 0
2024/11/22 16:29:24 [notice] 1#1: signal 29 (SIGIO) received
2024/11/22 16:29:24 [notice] 1#1: signal 17 (SIGCHLD) received from 29
2024/11/22 16:29:44 [notice] 1#1: using the "epoll" event method
2024/11/22 16:29:44 [notice] 1#1: nginx/1.26.2
2024/11/22 16:29:44 [notice] 1#1: built by gcc 13.2.1 20240309 (Alpine 13.2.1_git20240309) 
2024/11/22 16:29:44 [notice] 1#1: OS: Linux 5.15.167.4-microsoft-standard-WSL2
2024/11/22 16:29:44 [notice] 1#1: getrlimit(RLIMIT_NOFILE): 1048576:1048576
2024/11/22 16:29:44 [notice] 1#1: start worker processes
2024/11/22 16:29:44 [notice] 1#1: start worker process 29
2024/11/22 16:29:44 [notice] 1#1: start worker process 30
2024/11/22 16:29:44 [notice] 1#1: start worker process 31
2024/11/22 16:29:44 [notice] 1#1: start worker process 32
2024/11/22 16:29:44 [notice] 1#1: start worker process 33
2024/11/22 16:29:44 [notice] 1#1: start worker process 34
2024/11/22 16:29:44 [notice] 1#1: start worker process 35
2024/11/22 16:29:44 [notice] 1#1: start worker process 36
2024/11/22 16:49:41 [notice] 1#1: signal 3 (SIGQUIT) received, shutting down
2024/11/22 16:49:41 [notice] 29#29: gracefully shutting down
2024/11/22 16:49:41 [notice] 31#31: gracefully shutting down
2024/11/22 16:49:41 [notice] 32#32: gracefully shutting down
2024/11/22 16:49:41 [notice] 36#36: gracefully shutting down
2024/11/22 16:49:41 [notice] 33#33: gracefully shutting down
2024/11/22 16:49:41 [notice] 35#35: gracefully shutting down
2024/11/22 16:49:41 [notice] 34#34: gracefully shutting down
2024/11/22 16:49:41 [notice] 30#30: gracefully shutting down
2024/11/22 16:49:41 [notice] 29#29: exiting
2024/11/22 16:49:41 [notice] 31#31: exiting
2024/11/22 16:49:41 [notice] 32#32: exiting
2024/11/22 16:49:41 [notice] 36#36: exiting
2024/11/22 16:49:41 [notice] 33#33: exiting
2024/11/22 16:49:41 [notice] 35#35: exiting
2024/11/22 16:49:41 [notice] 34#34: exiting
2024/11/22 16:49:41 [notice] 30#30: exiting
2024/11/22 16:49:41 [notice] 29#29: exit
2024/11/22 16:49:41 [notice] 31#31: exit
2024/11/22 16:49:41 [notice] 32#32: exit
2024/11/22 16:49:41 [notice] 36#36: exit
2024/11/22 16:49:41 [notice] 33#33: exit
2024/11/22 16:49:41 [notice] 35#35: exit
2024/11/22 16:49:41 [notice] 34#34: exit
2024/11/22 16:49:41 [notice] 30#30: exit
2024/11/22 16:49:41 [notice] 1#1: signal 17 (SIGCHLD) received from 36
2024/11/22 16:49:41 [notice] 1#1: worker process 29 exited with code 0
2024/11/22 16:49:41 [notice] 1#1: worker process 34 exited with code 0
2024/11/22 16:49:41 [notice] 1#1: worker process 36 exited with code 0
2024/11/22 16:49:41 [notice] 1#1: signal 29 (SIGIO) received
2024/11/22 16:49:41 [notice] 1#1: signal 17 (SIGCHLD) received from 29
2024/11/22 16:49:41 [notice] 1#1: signal 17 (SIGCHLD) received from 30
2024/11/22 16:49:41 [notice] 1#1: worker process 30 exited with code 0
2024/11/22 16:49:41 [notice] 1#1: worker process 33 exited with code 0
2024/11/22 16:49:41 [notice] 1#1: signal 29 (SIGIO) received
2024/11/22 16:49:41 [notice] 1#1: signal 17 (SIGCHLD) received from 33
2024/11/22 16:49:41 [notice] 1#1: signal 17 (SIGCHLD) received from 35
2024/11/22 16:49:41 [notice] 1#1: worker process 35 exited with code 0
2024/11/22 16:49:41 [notice] 1#1: signal 29 (SIGIO) received
2024/11/22 16:49:41 [notice] 1#1: signal 17 (SIGCHLD) received from 31
2024/11/22 16:49:41 [notice] 1#1: worker process 31 exited with code 0
2024/11/22 16:49:41 [notice] 1#1: signal 29 (SIGIO) received
2024/11/22 16:49:41 [notice] 1#1: signal 17 (SIGCHLD) received from 32
2024/11/22 16:49:41 [notice] 1#1: worker process 32 exited with code 0
2024/11/22 16:49:41 [notice] 1#1: exit
2024/11/25 08:42:41 [emerg] 1#1: host not found in upstream "php" in /etc/nginx/conf.d/default.conf:15
2024/11/25 08:42:48 [emerg] 1#1: host not found in upstream "php" in /etc/nginx/conf.d/default.conf:15
2024/11/25 08:42:55 [emerg] 1#1: host not found in upstream "php" in /etc/nginx/conf.d/default.conf:15
2024/11/25 08:43:02 [emerg] 1#1: host not found in upstream "php" in /etc/nginx/conf.d/default.conf:15
2024/11/25 08:43:14 [notice] 1#1: using the "epoll" event method
2024/11/25 08:43:14 [notice] 1#1: nginx/1.26.2
2024/11/25 08:43:14 [notice] 1#1: built by gcc 13.2.1 20240309 (Alpine 13.2.1_git20240309) 
2024/11/25 08:43:14 [notice] 1#1: OS: Linux 5.15.167.4-microsoft-standard-WSL2
2024/11/25 08:43:14 [notice] 1#1: getrlimit(RLIMIT_NOFILE): 1048576:1048576
2024/11/25 08:43:14 [notice] 1#1: start worker processes
2024/11/25 08:43:14 [notice] 1#1: start worker process 30
2024/11/25 08:43:14 [notice] 1#1: start worker process 31
2024/11/25 08:43:14 [notice] 1#1: start worker process 32
2024/11/25 08:43:14 [notice] 1#1: start worker process 33
2024/11/25 08:43:14 [notice] 1#1: start worker process 34
2024/11/25 08:43:14 [notice] 1#1: start worker process 35
2024/11/25 08:43:14 [notice] 1#1: start worker process 36
2024/11/25 08:43:14 [notice] 1#1: start worker process 37
2024/11/25 08:51:34 [notice] 1#1: signal 3 (SIGQUIT) received, shutting down
2024/11/25 08:51:34 [notice] 31#31: gracefully shutting down
2024/11/25 08:51:34 [notice] 32#32: gracefully shutting down
2024/11/25 08:51:34 [notice] 30#30: gracefully shutting down
2024/11/25 08:51:34 [notice] 31#31: exiting
2024/11/25 08:51:34 [notice] 34#34: gracefully shutting down
2024/11/25 08:51:34 [notice] 36#36: gracefully shutting down
2024/11/25 08:51:34 [notice] 33#33: gracefully shutting down
2024/11/25 08:51:34 [notice] 35#35: gracefully shutting down
2024/11/25 08:51:34 [notice] 37#37: gracefully shutting down
2024/11/25 08:51:34 [notice] 35#35: exiting
2024/11/25 08:51:34 [notice] 30#30: exiting
2024/11/25 08:51:34 [notice] 32#32: exiting
2024/11/25 08:51:34 [notice] 34#34: exiting
2024/11/25 08:51:34 [notice] 32#32: exit
2024/11/25 08:51:34 [notice] 31#31: exit
2024/11/25 08:51:34 [notice] 36#36: exiting
2024/11/25 08:51:34 [notice] 33#33: exiting
2024/11/25 08:51:34 [notice] 36#36: exit
2024/11/25 08:51:34 [notice] 37#37: exiting
2024/11/25 08:51:34 [notice] 35#35: exit
2024/11/25 08:51:34 [notice] 30#30: exit
2024/11/25 08:51:34 [notice] 34#34: exit
2024/11/25 08:51:34 [notice] 33#33: exit
2024/11/25 08:51:34 [notice] 37#37: exit
2024/11/25 08:51:34 [notice] 1#1: signal 17 (SIGCHLD) received from 32
2024/11/25 08:51:34 [notice] 1#1: worker process 32 exited with code 0
2024/11/25 08:51:34 [notice] 1#1: signal 29 (SIGIO) received
2024/11/25 08:51:35 [notice] 1#1: signal 17 (SIGCHLD) received from 35
2024/11/25 08:51:35 [notice] 1#1: worker process 35 exited with code 0
2024/11/25 08:51:35 [notice] 1#1: signal 29 (SIGIO) received
2024/11/25 08:51:35 [notice] 1#1: signal 17 (SIGCHLD) received from 31
2024/11/25 08:51:35 [notice] 1#1: worker process 31 exited with code 0
2024/11/25 08:51:35 [notice] 1#1: signal 29 (SIGIO) received
2024/11/25 08:51:35 [notice] 1#1: signal 17 (SIGCHLD) received from 36
2024/11/25 08:51:35 [notice] 1#1: worker process 36 exited with code 0
2024/11/25 08:51:35 [notice] 1#1: signal 29 (SIGIO) received
2024/11/25 08:51:35 [notice] 1#1: signal 17 (SIGCHLD) received from 34
2024/11/25 08:51:35 [notice] 1#1: worker process 34 exited with code 0
2024/11/25 08:51:35 [notice] 1#1: worker process 37 exited with code 0
2024/11/25 08:51:35 [notice] 1#1: signal 29 (SIGIO) received
2024/11/25 08:51:35 [notice] 1#1: signal 17 (SIGCHLD) received from 30
2024/11/25 08:51:35 [notice] 1#1: worker process 30 exited with code 0
2024/11/25 08:51:35 [notice] 1#1: signal 29 (SIGIO) received
2024/11/25 08:51:35 [notice] 1#1: signal 17 (SIGCHLD) received from 33
2024/11/25 08:51:35 [notice] 1#1: worker process 33 exited with code 0
2024/11/25 08:51:35 [notice] 1#1: exit
2024/11/25 08:51:37 [notice] 1#1: using the "epoll" event method
2024/11/25 08:51:37 [notice] 1#1: nginx/1.26.2
2024/11/25 08:51:37 [notice] 1#1: built by gcc 13.2.1 20240309 (Alpine 13.2.1_git20240309) 
2024/11/25 08:51:37 [notice] 1#1: OS: Linux 5.15.167.4-microsoft-standard-WSL2
2024/11/25 08:51:37 [notice] 1#1: getrlimit(RLIMIT_NOFILE): 1048576:1048576
2024/11/25 08:51:37 [notice] 1#1: start worker processes
2024/11/25 08:51:37 [notice] 1#1: start worker process 29
2024/11/25 08:51:37 [notice] 1#1: start worker process 30
2024/11/25 08:51:37 [notice] 1#1: start worker process 31
2024/11/25 08:51:37 [notice] 1#1: start worker process 32
2024/11/25 08:51:37 [notice] 1#1: start worker process 33
2024/11/25 08:51:37 [notice] 1#1: start worker process 34
2024/11/25 08:51:37 [notice] 1#1: start worker process 35
2024/11/25 08:51:37 [notice] 1#1: start worker process 36
2024/11/25 08:51:47 [notice] 1#1: signal 3 (SIGQUIT) received, shutting down
2024/11/25 08:51:47 [notice] 31#31: gracefully shutting down
2024/11/25 08:51:47 [notice] 29#29: gracefully shutting down
2024/11/25 08:51:47 [notice] 32#32: gracefully shutting down
2024/11/25 08:51:47 [notice] 29#29: exiting
2024/11/25 08:51:47 [notice] 35#35: gracefully shutting down
2024/11/25 08:51:47 [notice] 34#34: gracefully shutting down
2024/11/25 08:51:47 [notice] 30#30: gracefully shutting down
2024/11/25 08:51:47 [notice] 33#33: gracefully shutting down
2024/11/25 08:51:47 [notice] 30#30: exiting
2024/11/25 08:51:47 [notice] 36#36: gracefully shutting down
2024/11/25 08:51:47 [notice] 31#31: exiting
2024/11/25 08:51:47 [notice] 32#32: exiting
2024/11/25 08:51:47 [notice] 35#35: exiting
2024/11/25 08:51:47 [notice] 29#29: exit
2024/11/25 08:51:47 [notice] 34#34: exiting
2024/11/25 08:51:47 [notice] 33#33: exiting
2024/11/25 08:51:47 [notice] 30#30: exit
2024/11/25 08:51:47 [notice] 36#36: exiting
2024/11/25 08:51:47 [notice] 31#31: exit
2024/11/25 08:51:47 [notice] 32#32: exit
2024/11/25 08:51:47 [notice] 35#35: exit
2024/11/25 08:51:47 [notice] 34#34: exit
2024/11/25 08:51:47 [notice] 33#33: exit
2024/11/25 08:51:47 [notice] 36#36: exit
2024/11/25 08:51:47 [notice] 1#1: signal 17 (SIGCHLD) received from 32
2024/11/25 08:51:47 [notice] 1#1: worker process 29 exited with code 0
2024/11/25 08:51:47 [notice] 1#1: worker process 32 exited with code 0
2024/11/25 08:51:47 [notice] 1#1: worker process 35 exited with code 0
2024/11/25 08:51:47 [notice] 1#1: signal 29 (SIGIO) received
2024/11/25 08:51:47 [notice] 1#1: signal 17 (SIGCHLD) received from 34
2024/11/25 08:51:47 [notice] 1#1: worker process 30 exited with code 0
2024/11/25 08:51:47 [notice] 1#1: worker process 31 exited with code 0
2024/11/25 08:51:47 [notice] 1#1: worker process 33 exited with code 0
2024/11/25 08:51:47 [notice] 1#1: worker process 34 exited with code 0
2024/11/25 08:51:47 [notice] 1#1: worker process 36 exited with code 0
2024/11/25 08:51:47 [notice] 1#1: exit
2024/11/25 08:51:56 [notice] 1#1: using the "epoll" event method
2024/11/25 08:51:56 [notice] 1#1: nginx/1.26.2
2024/11/25 08:51:56 [notice] 1#1: built by gcc 13.2.1 20240309 (Alpine 13.2.1_git20240309) 
2024/11/25 08:51:56 [notice] 1#1: OS: Linux 5.15.167.4-microsoft-standard-WSL2
2024/11/25 08:51:56 [notice] 1#1: getrlimit(RLIMIT_NOFILE): 1048576:1048576
2024/11/25 08:51:56 [notice] 1#1: start worker processes
2024/11/25 08:51:56 [notice] 1#1: start worker process 29
2024/11/25 08:51:56 [notice] 1#1: start worker process 30
2024/11/25 08:51:56 [notice] 1#1: start worker process 31
2024/11/25 08:51:56 [notice] 1#1: start worker process 32
2024/11/25 08:51:56 [notice] 1#1: start worker process 33
2024/11/25 08:51:56 [notice] 1#1: start worker process 34
2024/11/25 08:51:56 [notice] 1#1: start worker process 35
2024/11/25 08:51:56 [notice] 1#1: start worker process 36
2024/11/25 09:35:26 [notice] 1#1: signal 3 (SIGQUIT) received, shutting down
2024/11/25 09:35:27 [notice] 31#31: gracefully shutting down
2024/11/25 09:35:27 [notice] 32#32: gracefully shutting down
2024/11/25 09:35:27 [notice] 29#29: gracefully shutting down
2024/11/25 09:35:27 [notice] 34#34: gracefully shutting down
2024/11/25 09:35:27 [notice] 35#35: gracefully shutting down
2024/11/25 09:35:27 [notice] 30#30: gracefully shutting down
2024/11/25 09:35:27 [notice] 36#36: gracefully shutting down
2024/11/25 09:35:27 [notice] 33#33: gracefully shutting down
2024/11/25 09:35:27 [notice] 35#35: exiting
2024/11/25 09:35:27 [notice] 31#31: exiting
2024/11/25 09:35:27 [notice] 32#32: exiting
2024/11/25 09:35:27 [notice] 36#36: exiting
2024/11/25 09:35:27 [notice] 29#29: exiting
2024/11/25 09:35:27 [notice] 34#34: exiting
2024/11/25 09:35:27 [notice] 30#30: exiting
2024/11/25 09:35:27 [notice] 33#33: exiting
2024/11/25 09:35:27 [notice] 29#29: exit
2024/11/25 09:35:27 [notice] 31#31: exit
2024/11/25 09:35:27 [notice] 35#35: exit
2024/11/25 09:35:27 [notice] 32#32: exit
2024/11/25 09:35:27 [notice] 36#36: exit
2024/11/25 09:35:27 [notice] 34#34: exit
2024/11/25 09:35:27 [notice] 33#33: exit
2024/11/25 09:35:27 [notice] 30#30: exit
2024/11/25 09:35:27 [notice] 1#1: signal 17 (SIGCHLD) received from 34
2024/11/25 09:35:27 [notice] 1#1: worker process 34 exited with code 0
2024/11/25 09:35:27 [notice] 1#1: signal 29 (SIGIO) received
2024/11/25 09:35:27 [notice] 1#1: signal 17 (SIGCHLD) received from 33
2024/11/25 09:35:27 [notice] 1#1: worker process 29 exited with code 0
2024/11/25 09:35:27 [notice] 1#1: worker process 33 exited with code 0
2024/11/25 09:35:27 [notice] 1#1: signal 29 (SIGIO) received
2024/11/25 09:35:27 [notice] 1#1: signal 17 (SIGCHLD) received from 35
2024/11/25 09:35:27 [notice] 1#1: worker process 35 exited with code 0
2024/11/25 09:35:27 [notice] 1#1: signal 29 (SIGIO) received
2024/11/25 09:35:27 [notice] 1#1: signal 17 (SIGCHLD) received from 36
2024/11/25 09:35:27 [notice] 1#1: worker process 32 exited with code 0
2024/11/25 09:35:27 [notice] 1#1: worker process 36 exited with code 0
2024/11/25 09:35:27 [notice] 1#1: signal 29 (SIGIO) received
2024/11/25 09:35:27 [notice] 1#1: signal 17 (SIGCHLD) received from 32
2024/11/25 09:35:27 [notice] 1#1: signal 17 (SIGCHLD) received from 30
2024/11/25 09:35:27 [notice] 1#1: worker process 30 exited with code 0
2024/11/25 09:35:27 [notice] 1#1: signal 29 (SIGIO) received
2024/11/25 09:35:27 [notice] 1#1: signal 17 (SIGCHLD) received from 31
2024/11/25 09:35:27 [notice] 1#1: worker process 31 exited with code 0
2024/11/25 09:35:27 [notice] 1#1: exit
2024/11/25 09:43:28 [notice] 1#1: using the "epoll" event method
2024/11/25 09:43:28 [notice] 1#1: nginx/1.26.2
2024/11/25 09:43:28 [notice] 1#1: built by gcc 13.2.1 20240309 (Alpine 13.2.1_git20240309) 
2024/11/25 09:43:28 [notice] 1#1: OS: Linux 5.15.167.4-microsoft-standard-WSL2
2024/11/25 09:43:28 [notice] 1#1: getrlimit(RLIMIT_NOFILE): 1048576:1048576
2024/11/25 09:43:28 [notice] 1#1: start worker processes
2024/11/25 09:43:28 [notice] 1#1: start worker process 29
2024/11/25 09:43:28 [notice] 1#1: start worker process 30
2024/11/25 09:43:28 [notice] 1#1: start worker process 31
2024/11/25 09:43:28 [notice] 1#1: start worker process 32
2024/11/25 09:43:28 [notice] 1#1: start worker process 33
2024/11/25 09:43:28 [notice] 1#1: start worker process 34
2024/11/25 09:43:28 [notice] 1#1: start worker process 35
2024/11/25 09:43:28 [notice] 1#1: start worker process 36
